[2025-08-25 06:41:19] Review request received | Data: {"user_id":13,"action":"edit","post_keys":["action","review_id","rating","comment"]}
[2025-08-25 06:41:20] Edit review attempt | Data: {"review_id":4,"rating":3,"comment_length":24,"user_id":13}
[2025-08-25 06:41:20] Review ownership check | Data: {"review_found":true,"review_user_id":13,"current_user_id":13,"review_id":4}
[2025-08-25 06:41:20] Edit review error | Data: [] | Error: Unknown column 'updated_at' in 'field list'
[2025-08-25 06:41:42] Review request received | Data: {"user_id":13,"action":"delete","post_keys":["action","review_id"]}
[2025-08-25 06:41:42] Delete review attempt | Data: {"review_id":4,"user_id":13}
[2025-08-25 06:41:42] Review delete completed | Data: {"affected_rows":1,"review_id":4}
[2025-08-25 06:41:54] Review request received | Data: {"user_id":13,"action":"add","post_keys":["action","appointment_id","therapist_id","rating","comment"]}
[2025-08-25 06:41:54] Add review attempt | Data: {"therapist_id":"THR002","rating":4,"comment_length":12,"appointment_id":1}
[2025-08-25 06:41:54] Review added successfully | Data: {"review_id":14}
[2025-08-25 06:46:17] Review request received | Data: {"user_id":13,"action":"edit","post_keys":["action","review_id","rating","comment"]}
[2025-08-25 06:46:17] Edit review attempt | Data: {"review_id":14,"rating":4,"comment_length":17,"user_id":13}
[2025-08-25 06:46:17] Review ownership check | Data: {"review_found":true,"review_user_id":13,"current_user_id":13,"review_id":14}
[2025-08-25 06:46:17] Review update completed | Data: {"affected_rows":1,"review_id":14}
[2025-08-31 12:27:22] Review request received | Data: {"user_id":13,"action":"edit","post_keys":["action","review_id","rating","comment"]}
[2025-08-31 12:27:22] Edit review attempt | Data: {"review_id":13,"rating":3,"comment_length":32,"user_id":13}
[2025-08-31 12:27:22] Review ownership check | Data: {"review_found":true,"review_user_id":13,"current_user_id":13,"review_id":13}
[2025-08-31 12:27:22] Review update completed | Data: {"affected_rows":0,"review_id":13}
[2025-08-31 12:27:29] Review request received | Data: {"user_id":13,"action":"edit","post_keys":["action","review_id","rating","comment"]}
[2025-08-31 12:27:29] Edit review attempt | Data: {"review_id":13,"rating":3,"comment_length":29,"user_id":13}
[2025-08-31 12:27:29] Review ownership check | Data: {"review_found":true,"review_user_id":13,"current_user_id":13,"review_id":13}
[2025-08-31 12:27:29] Review update completed | Data: {"affected_rows":1,"review_id":13}
[2025-08-31 12:27:45] Review request received | Data: {"user_id":13,"action":"delete","post_keys":["action","review_id"]}
[2025-08-31 12:27:45] Delete review attempt | Data: {"review_id":14,"user_id":13}
[2025-08-31 12:27:45] Review delete completed | Data: {"affected_rows":1,"review_id":14}
[2025-08-31 12:28:04] Review request received | Data: {"user_id":13,"action":"add","post_keys":["action","appointment_id","therapist_id","rating","comment"]}
[2025-08-31 12:28:04] Add review attempt | Data: {"therapist_id":"THR002","rating":3,"comment_length":15,"appointment_id":1}
[2025-08-31 12:28:04] Review added successfully | Data: {"review_id":15}
[2025-08-31 12:39:43] Review request received | Data: {"user_id":13,"action":"edit","post_keys":["action","review_id","rating","comment"]}
[2025-08-31 12:39:43] Edit review attempt | Data: {"review_id":15,"rating":3,"comment_length":13,"user_id":13}
[2025-08-31 12:39:43] Review ownership check | Data: {"review_found":true,"review_user_id":13,"current_user_id":13,"review_id":15}
[2025-08-31 12:39:43] Review update completed | Data: {"affected_rows":1,"review_id":15}
